{
  "RSpec": {
    "coverage": {
      "/Users/jackschuss/Sites/bloc/code/Bloccitoff/app/models/user.rb": [
        1,
        1,
        null,
        null,
        1,
        null,
        null
      ],
      "/Users/jackschuss/Sites/bloc/code/Bloccitoff/app/helpers/application_helper.rb": [
        1,
        null
      ],
      "/Users/jackschuss/Sites/bloc/code/Bloccitoff/app/helpers/items_helper.rb": [
        1,
        null
      ],
      "/Users/jackschuss/Sites/bloc/code/Bloccitoff/app/helpers/registrations_helper.rb": [
        1,
        null
      ],
      "/Users/jackschuss/Sites/bloc/code/Bloccitoff/app/helpers/users_helper.rb": [
        1,
        null
      ],
      "/Users/jackschuss/Sites/bloc/code/Bloccitoff/app/helpers/welcome_helper.rb": [
        1,
        null
      ],
      "/Users/jackschuss/Sites/bloc/code/Bloccitoff/app/controllers/items_controller.rb": [
        1,
        null,
        1,
        0,
        0,
        null,
        0,
        0,
        0,
        null,
        0,
        0,
        null,
        null,
        null,
        null,
        1,
        0,
        0,
        null,
        0,
        0,
        0,
        null,
        0,
        0,
        null,
        null,
        null,
        null,
        null,
        1,
        null,
        1,
        0,
        null,
        null
      ],
      "/Users/jackschuss/Sites/bloc/code/Bloccitoff/app/controllers/application_controller.rb": [
        1,
        null,
        null,
        1,
        1,
        null,
        1,
        0,
        null,
        null,
        null
      ],
      "/Users/jackschuss/Sites/bloc/code/Bloccitoff/app/controllers/registrations_controller.rb": [
        1,
        null,
        1,
        null,
        1,
        0,
        null,
        null,
        1,
        0,
        null,
        null,
        null
      ],
      "/Users/jackschuss/Sites/bloc/code/Bloccitoff/app/controllers/users_controller.rb": [
        1,
        1,
        1,
        null,
        null
      ],
      "/Users/jackschuss/Sites/bloc/code/Bloccitoff/app/controllers/welcome_controller.rb": [
        1,
        null,
        1,
        null,
        1,
        null,
        null,
        null,
        null,
        null
      ],
      "/Users/jackschuss/Sites/bloc/code/Bloccitoff/app/models/item.rb": [
        1,
        1,
        null,
        null,
        null,
        null,
        null,
        null,
        null
      ]
    },
    "timestamp": 1450988229
  }
}
